0 info it worked if it ends with ok
1 verbose cli [ '/usr/local/bin/node', '/usr/local/bin/npm', 'start' ]
2 info using npm@3.10.10
3 info using node@v8.15.0
4 verbose run-script [ 'prestart', 'start', 'poststart' ]
5 info lifecycle ethereum-logger@0.0.1~prestart: ethereum-logger@0.0.1
6 silly lifecycle ethereum-logger@0.0.1~prestart: no script for prestart, continuing
7 info lifecycle ethereum-logger@0.0.1~start: ethereum-logger@0.0.1
8 verbose lifecycle ethereum-logger@0.0.1~start: unsafe-perm in lifecycle true
9 verbose lifecycle ethereum-logger@0.0.1~start: PATH: /usr/local/lib/node_modules/npm/bin/node-gyp-bin:/home/rmoore/Projects/ethdenver/Ethereum-Logger/node_modules/.bin:/home/rmoore/.nix-profile/bin:/home/rmoore/.cargo/bin:/usr/local/sbin:/usr/local/bin:/usr/sbin:/usr/bin:/sbin:/bin:/usr/games:/usr/local/games:/snap/bin:/usr/lib/jvm/java-8-oracle/bin:/usr/lib/jvm/java-8-oracle/db/bin:/usr/lib/jvm/java-8-oracle/jre/bin
10 verbose lifecycle ethereum-logger@0.0.1~start: CWD: /home/rmoore/Projects/ethdenver/Ethereum-Logger
11 silly lifecycle ethereum-logger@0.0.1~start: Args: [ '-c', 'npm install && node app.js' ]
12 silly lifecycle ethereum-logger@0.0.1~start: Returned: code: 1  signal: null
13 info lifecycle ethereum-logger@0.0.1~start: Failed to exec start script
14 verbose stack Error: ethereum-logger@0.0.1 start: `npm install && node app.js`
14 verbose stack Exit status 1
14 verbose stack     at EventEmitter.<anonymous> (/usr/local/lib/node_modules/npm/lib/utils/lifecycle.js:255:16)
14 verbose stack     at emitTwo (events.js:126:13)
14 verbose stack     at EventEmitter.emit (events.js:214:7)
14 verbose stack     at ChildProcess.<anonymous> (/usr/local/lib/node_modules/npm/lib/utils/spawn.js:40:14)
14 verbose stack     at emitTwo (events.js:126:13)
14 verbose stack     at ChildProcess.emit (events.js:214:7)
14 verbose stack     at maybeClose (internal/child_process.js:915:16)
14 verbose stack     at Process.ChildProcess._handle.onexit (internal/child_process.js:209:5)
15 verbose pkgid ethereum-logger@0.0.1
16 verbose cwd /home/rmoore/Projects/ethdenver/Ethereum-Logger
17 error Linux 4.15.0-43-generic
18 error argv "/usr/local/bin/node" "/usr/local/bin/npm" "start"
19 error node v8.15.0
20 error npm  v3.10.10
21 error code ELIFECYCLE
22 error ethereum-logger@0.0.1 start: `npm install && node app.js`
22 error Exit status 1
23 error Failed at the ethereum-logger@0.0.1 start script 'npm install && node app.js'.
23 error Make sure you have the latest version of node.js and npm installed.
23 error If you do, this is most likely a problem with the ethereum-logger package,
23 error not with npm itself.
23 error Tell the author that this fails on your system:
23 error     npm install && node app.js
23 error You can get information on how to open an issue for this project with:
23 error     npm bugs ethereum-logger
23 error Or if that isn't available, you can get their info via:
23 error     npm owner ls ethereum-logger
23 error There is likely additional logging output above.
24 verbose exit [ 1, true ]
